2021-08-06 00:39:06 info: ==============================
2021-08-06 00:39:06 info: =     Welcome to Express     =
2021-08-06 00:39:06 info: =      env: development      =
2021-08-06 00:39:06 info: =      listning to 9090      =
2021-08-06 00:39:12 info: ==============================
2021-08-06 00:39:12 info: =     Welcome to Express     =
2021-08-06 00:39:12 info: =      env: development      =
2021-08-06 00:39:12 info: =      listning to 9090      =
2021-08-06 00:39:34 info: =    Connected to MongoDB    =
2021-08-06 00:39:34 info: ==============================
2021-08-06 00:40:53 info: ==============================
2021-08-06 00:40:53 info: =     Welcome to Express     =
2021-08-06 00:40:53 info: =      env: development      =
2021-08-06 00:40:53 info: =      listning to 9090      =
2021-08-06 00:40:53 info: =    Connected to MongoDB    =
2021-08-06 00:40:53 info: ==============================
2021-08-06 00:41:41 info: ==============================
2021-08-06 00:41:41 info: =     Welcome to Express     =
2021-08-06 00:41:41 info: =      env: development      =
2021-08-06 00:41:41 info: =      listning to 9090      =
2021-08-06 00:41:41 info: =    Connected to MongoDB    =
2021-08-06 00:41:41 info: ==============================
2021-08-06 00:41:50 info: ==============================
2021-08-06 00:41:50 info: =     Welcome to Express     =
2021-08-06 00:41:50 info: =      env: development      =
2021-08-06 00:41:50 info: =      listning to 9090      =
2021-08-06 00:41:50 info: =    Connected to MongoDB    =
2021-08-06 00:41:50 info: ==============================
2021-08-06 00:41:54 info: ==============================
2021-08-06 00:41:54 info: =     Welcome to Express     =
2021-08-06 00:41:54 info: =      env: development      =
2021-08-06 00:41:54 info: =      listning to 9090      =
2021-08-06 00:41:54 info: =    Connected to MongoDB    =
2021-08-06 00:41:54 info: ==============================
2021-08-06 00:42:03 info: ==============================
2021-08-06 00:42:03 info: =     Welcome to Express     =
2021-08-06 00:42:03 info: =      env: development      =
2021-08-06 00:42:03 info: =      listning to 9090      =
2021-08-06 00:42:03 info: =    Connected to MongoDB    =
2021-08-06 00:42:03 info: ==============================
2021-08-06 00:42:09 info: ==============================
2021-08-06 00:42:09 info: =     Welcome to Express     =
2021-08-06 00:42:09 info: =      env: development      =
2021-08-06 00:42:09 info: =      listning to 9090      =
2021-08-06 00:42:09 info: =    Connected to MongoDB    =
2021-08-06 00:42:09 info: ==============================
2021-08-06 00:43:15 info: ==============================
2021-08-06 00:43:15 info: =     Welcome to Express     =
2021-08-06 00:43:15 info: =      env: development      =
2021-08-06 00:43:15 info: =      listning to 9090      =
2021-08-06 00:43:15 info: =    Connected to MongoDB    =
2021-08-06 00:43:15 info: ==============================
2021-08-06 00:43:58 info: ==============================
2021-08-06 00:43:58 info: =     Welcome to Express     =
2021-08-06 00:43:58 info: =      env: development      =
2021-08-06 00:43:58 info: =      listning to 9090      =
2021-08-06 00:43:58 info: =    Connected to MongoDB    =
2021-08-06 00:43:58 info: ==============================
2021-08-06 00:44:21 info: ==============================
2021-08-06 00:44:21 info: =     Welcome to Express     =
2021-08-06 00:44:21 info: =      env: development      =
2021-08-06 00:44:21 info: =      listning to 9090      =
2021-08-06 00:44:21 info: =    Connected to MongoDB    =
2021-08-06 00:44:21 info: ==============================
2021-08-06 00:44:29 info: ==============================
2021-08-06 00:44:29 info: =     Welcome to Express     =
2021-08-06 00:44:29 info: =      env: development      =
2021-08-06 00:44:29 info: =      listning to 9090      =
2021-08-06 00:44:29 info: =    Connected to MongoDB    =
2021-08-06 00:44:29 info: ==============================
2021-08-06 00:45:21 info: ==============================
2021-08-06 00:45:21 info: =     Welcome to Express     =
2021-08-06 00:45:21 info: =      env: development      =
2021-08-06 00:45:21 info: =      listning to 9090      =
2021-08-06 00:45:21 info: ==============================
2021-08-06 00:45:21 info: =    Connected to MongoDB    =
2021-08-06 00:45:21 info: ==============================
2021-08-06 00:45:30 info: ==============================
2021-08-06 00:45:30 info: =     Welcome to Express     =
2021-08-06 00:45:30 info: =      env: development      =
2021-08-06 00:45:30 info: =      listning to 9090      =
2021-08-06 00:45:30 info: ==============================
2021-08-06 00:45:30 info: ==============================
2021-08-06 00:45:30 info: =    Connected to MongoDB    =
2021-08-06 00:45:30 info: ==============================
2021-08-06 00:46:01 info: ==============================
2021-08-06 00:46:01 info: =     Welcome to Express     =
2021-08-06 00:46:01 info: =      env: development      =
2021-08-06 00:46:01 info: =      listning to 9090      =
2021-08-06 00:46:01 info: ==============================
2021-08-06 00:46:01 info: ==============================
2021-08-06 00:46:01 info: =    Connected to MongoDB    =
2021-08-06 00:46:01 info: ==============================
2021-08-06 00:46:04 info: ==============================
2021-08-06 00:46:04 info: =     Welcome to Express     =
2021-08-06 00:46:04 info: =      env: development      =
2021-08-06 00:46:04 info: =      listning to 9090      =
2021-08-06 00:46:04 info: ==============================
2021-08-06 00:46:04 info: ==============================
2021-08-06 00:46:04 info: =    Connected to MongoDB    =
2021-08-06 00:46:04 info: ==============================
2021-08-06 00:46:08 info: ==============================
2021-08-06 00:46:08 info: =     Welcome to Express     =
2021-08-06 00:46:08 info: =      env: development      =
2021-08-06 00:46:08 info: =      listning to 9090      =
2021-08-06 00:46:08 info: ==============================
2021-08-06 00:46:08 info: ==============================
2021-08-06 00:46:08 info: =    Connected to MongoDB    =
2021-08-06 00:46:08 info: ==============================
2021-08-06 00:46:48 info: ==============================
2021-08-06 00:46:48 info: =     Welcome to Express     =
2021-08-06 00:46:48 info: =      env: development      =
2021-08-06 00:46:48 info: =      listning to 9090      =
2021-08-06 00:46:48 info: ==============================
2021-08-06 00:46:48 info: ==============================
2021-08-06 00:46:48 info: =    Connected to MongoDB    =
2021-08-06 00:46:48 info: ==============================
2021-08-06 00:47:21 info: ==============================
2021-08-06 00:47:21 info: =     Welcome to Express     =
2021-08-06 00:47:21 info: =      env: development      =
2021-08-06 00:47:21 info: =      listning to 9090      =
2021-08-06 00:47:21 info: ==============================
2021-08-06 00:47:21 info: ==============================
2021-08-06 00:47:21 info: =    Connected to MongoDB    =
2021-08-06 00:47:21 info: ==============================
2021-08-06 00:47:31 info: ==============================
2021-08-06 00:47:31 info: =     Welcome to Express     =
2021-08-06 00:47:31 info: =      env: development      =
2021-08-06 00:47:31 info: =      listning to 9090      =
2021-08-06 00:47:31 info: ==============================
2021-08-06 00:47:31 info: ==============================
2021-08-06 00:47:31 info: =    Connected to MongoDB    =
2021-08-06 00:47:31 info: ==============================
2021-08-06 00:47:35 info: ==============================
2021-08-06 00:47:35 info: =     Welcome to Express     =
2021-08-06 00:47:35 info: =      env: development      =
2021-08-06 00:47:35 info: =      listning to 9090      =
2021-08-06 00:47:35 info: ==============================
2021-08-06 00:47:35 info: ==============================
2021-08-06 00:47:35 info: =    Connected to MongoDB    =
2021-08-06 00:47:35 info: ==============================
2021-08-06 00:47:42 info: ==============================
2021-08-06 00:47:42 info: =     Welcome to Express     =
2021-08-06 00:47:42 info: =      env: development      =
2021-08-06 00:47:42 info: =      listning to 9090      =
2021-08-06 00:47:42 info: ==============================
2021-08-06 00:47:42 info: ==============================
2021-08-06 00:47:42 info: =    Connected to MongoDB    =
2021-08-06 00:47:42 info: ==============================
2021-08-06 00:47:48 info: ==============================
2021-08-06 00:47:48 info: =     Welcome to Express     =
2021-08-06 00:47:48 info: =      env: development      =
2021-08-06 00:47:48 info: =      listning to 9090      =
2021-08-06 00:47:48 info: ==============================
2021-08-06 00:47:48 info: ==============================
2021-08-06 00:47:48 info: =    Connected to MongoDB    =
2021-08-06 00:47:48 info: ==============================
2021-08-06 00:48:09 info: ==============================
2021-08-06 00:48:09 info: =     Welcome to Express     =
2021-08-06 00:48:09 info: =      env: development      =
2021-08-06 00:48:09 info: =      listning to 9090      =
2021-08-06 00:48:09 info: ==============================
2021-08-06 00:48:09 info: ==============================
2021-08-06 00:48:09 info: =    Connected to MongoDB    =
2021-08-06 00:48:09 info: ==============================
2021-08-06 00:48:21 info: ==============================
2021-08-06 00:48:21 info: =     Welcome to Express     =
2021-08-06 00:48:21 info: =      env: development      =
2021-08-06 00:48:21 info: =      listning to 9090      =
2021-08-06 00:48:21 info: ==============================
2021-08-06 00:48:21 info: ==============================
2021-08-06 00:48:22 info: =    Connected to MongoDB    =
2021-08-06 00:48:22 info: ==============================
2021-08-06 00:54:03 info: [object Object]
2021-08-06 00:54:03 info: ==============================
2021-08-06 00:54:03 info: =     Welcome to Express     =
2021-08-06 00:54:03 info: =      env: development      =
2021-08-06 00:54:03 info: =      listning to 9090      =
2021-08-06 00:54:03 info: ==============================
2021-08-06 00:54:04 info: ==============================
2021-08-06 00:54:04 info: =    Connected to MongoDB    =
2021-08-06 00:54:04 info: ==============================
2021-08-06 00:55:11 debug: [object Object]
2021-08-06 00:55:11 info: ==============================
2021-08-06 00:55:11 info: =     Welcome to Express     =
2021-08-06 00:55:11 info: =      env: development      =
2021-08-06 00:55:11 info: =      listning to 9090      =
2021-08-06 00:55:11 info: ==============================
2021-08-06 00:55:11 info: ==============================
2021-08-06 00:55:11 info: =    Connected to MongoDB    =
2021-08-06 00:55:11 info: ==============================
2021-08-06 00:57:15 debug: [object Object]
2021-08-06 00:57:15 info: ==============================
2021-08-06 00:57:15 info: =     Welcome to Express     =
2021-08-06 00:57:15 info: =      env: development      =
2021-08-06 00:57:15 info: =      listning to 9090      =
2021-08-06 00:57:15 info: ==============================
2021-08-06 00:57:15 info: ==============================
2021-08-06 00:57:15 info: =    Connected to MongoDB    =
2021-08-06 00:57:15 info: ==============================
2021-08-06 01:03:15 info: ==============================
2021-08-06 01:03:15 info: =     Welcome to Express     =
2021-08-06 01:03:15 info: =      env: development      =
2021-08-06 01:03:15 info: =      listning to 9090      =
2021-08-06 01:03:15 info: ==============================
2021-08-06 01:03:15 info: ==============================
2021-08-06 01:03:15 info: =    Connected to MongoDB    =
2021-08-06 01:03:15 info: ==============================
2021-08-06 01:04:19 info: [0mGET /register [33m404[0m 6.840 ms - 147[0m
2021-08-06 01:05:35 error: [GET] /register >> StatusCode:: 400, Message:: Unexpected token } in JSON at position 89
2021-08-06 01:05:35 info: [0mGET /register [33m400[0m 18.276 ms - 55[0m
2021-08-06 01:06:33 info: [0mGET /register [33m404[0m 0.901 ms - 147[0m
2021-08-06 01:08:06 info: ==============================
2021-08-06 01:08:06 info: =     Welcome to Express     =
2021-08-06 01:08:06 info: =      env: development      =
2021-08-06 01:08:06 info: =      listning to 9090      =
2021-08-06 01:08:06 info: ==============================
2021-08-06 01:08:06 info: ==============================
2021-08-06 01:08:06 info: =    Connected to MongoDB    =
2021-08-06 01:08:06 info: ==============================
2021-08-06 01:08:09 info: [0mGET /register [33m404[0m 21.767 ms - 147[0m
2021-08-06 01:08:58 info: ==============================
2021-08-06 01:08:58 info: =     Welcome to Express     =
2021-08-06 01:08:58 info: =      env: development      =
2021-08-06 01:08:58 info: =      listning to 9090      =
2021-08-06 01:08:58 info: ==============================
2021-08-06 01:08:58 info: ==============================
2021-08-06 01:08:58 info: =    Connected to MongoDB    =
2021-08-06 01:08:58 info: ==============================
2021-08-06 01:09:18 info: ==============================
2021-08-06 01:09:18 info: =     Welcome to Express     =
2021-08-06 01:09:18 info: =      env: development      =
2021-08-06 01:09:18 info: =      listning to 9090      =
2021-08-06 01:09:18 info: ==============================
2021-08-06 01:09:18 info: ==============================
2021-08-06 01:09:18 info: =    Connected to MongoDB    =
2021-08-06 01:09:18 info: ==============================
2021-08-06 01:09:21 info: [0mGET /register [33m404[0m 14.415 ms - 147[0m
2021-08-06 01:10:03 info: [0mPOST /register [33m404[0m 0.734 ms - 148[0m
2021-08-06 01:11:08 info: [0mPOST /register [33m404[0m 0.548 ms - 148[0m
2021-08-06 01:11:55 info: ==============================
2021-08-06 01:11:55 info: =     Welcome to Express     =
2021-08-06 01:11:55 info: =      env: development      =
2021-08-06 01:11:55 info: =      listning to 9090      =
2021-08-06 01:11:55 info: ==============================
2021-08-06 01:11:55 info: ==============================
2021-08-06 01:11:55 info: =    Connected to MongoDB    =
2021-08-06 01:11:55 info: ==============================
2021-08-06 01:11:58 info: [0mPOST /register [33m404[0m 16.976 ms - 148[0m
2021-08-06 01:12:06 info: ==============================
2021-08-06 01:12:06 info: =     Welcome to Express     =
2021-08-06 01:12:06 info: =      env: development      =
2021-08-06 01:12:06 info: =      listning to 9090      =
2021-08-06 01:12:06 info: ==============================
2021-08-06 01:12:06 info: ==============================
2021-08-06 01:12:06 info: =    Connected to MongoDB    =
2021-08-06 01:12:06 info: ==============================
2021-08-06 01:12:37 info: ==============================
2021-08-06 01:12:37 info: =     Welcome to Express     =
2021-08-06 01:12:37 info: =      env: development      =
2021-08-06 01:12:37 info: =      listning to 9090      =
2021-08-06 01:12:37 info: ==============================
2021-08-06 01:12:37 info: ==============================
2021-08-06 01:12:37 info: =    Connected to MongoDB    =
2021-08-06 01:12:37 info: ==============================
2021-08-06 01:12:40 info: [0mPOST /register [33m404[0m 11.616 ms - 148[0m
2021-08-06 01:12:54 info: ==============================
2021-08-06 01:12:54 info: =     Welcome to Express     =
2021-08-06 01:12:54 info: =      env: development      =
2021-08-06 01:12:54 info: =      listning to 9090      =
2021-08-06 01:12:54 info: ==============================
2021-08-06 01:12:54 info: ==============================
2021-08-06 01:12:54 info: =    Connected to MongoDB    =
2021-08-06 01:12:54 info: ==============================
2021-08-06 01:12:57 info: [0mPOST /register [33m404[0m 11.776 ms - 148[0m
2021-08-06 01:13:27 info: [0mPOST /register [33m404[0m 0.725 ms - 148[0m
2021-08-06 01:15:39 info: ==============================
2021-08-06 01:15:39 info: =    Connected to MongoDB    =
2021-08-06 01:15:39 info: ==============================
2021-08-06 01:16:29 info: ==============================
2021-08-06 01:16:29 info: =     Welcome to Express     =
2021-08-06 01:16:29 info: =      env: development      =
2021-08-06 01:16:29 info: =      listning to 9090      =
2021-08-06 01:16:29 info: ==============================
2021-08-06 01:16:29 info: ==============================
2021-08-06 01:16:29 info: =    Connected to MongoDB    =
2021-08-06 01:16:29 info: ==============================
2021-08-06 01:16:37 info: ==============================
2021-08-06 01:16:37 info: =     Welcome to Express     =
2021-08-06 01:16:37 info: =      env: development      =
2021-08-06 01:16:37 info: =      listning to 9090      =
2021-08-06 01:16:37 info: ==============================
2021-08-06 01:16:37 info: ==============================
2021-08-06 01:16:37 info: =    Connected to MongoDB    =
2021-08-06 01:16:37 info: ==============================
2021-08-06 01:17:27 info: ==============================
2021-08-06 01:17:27 info: =     Welcome to Express     =
2021-08-06 01:17:27 info: =      env: development      =
2021-08-06 01:17:27 info: =      listning to 9090      =
2021-08-06 01:17:27 info: ==============================
2021-08-06 01:17:27 info: ==============================
2021-08-06 01:17:27 info: =    Connected to MongoDB    =
2021-08-06 01:17:27 info: ==============================
2021-08-06 01:17:38 info: ==============================
2021-08-06 01:17:38 info: =     Welcome to Express     =
2021-08-06 01:17:38 info: =      env: development      =
2021-08-06 01:17:38 info: =      listning to 9090      =
2021-08-06 01:17:38 info: ==============================
2021-08-06 01:17:38 info: ==============================
2021-08-06 01:17:38 info: =    Connected to MongoDB    =
2021-08-06 01:17:38 info: ==============================
2021-08-06 01:17:42 info: ==============================
2021-08-06 01:17:42 info: =     Welcome to Express     =
2021-08-06 01:17:42 info: =      env: development      =
2021-08-06 01:17:42 info: =      listning to 9090      =
2021-08-06 01:17:42 info: ==============================
2021-08-06 01:17:42 info: ==============================
2021-08-06 01:17:42 info: =    Connected to MongoDB    =
2021-08-06 01:17:42 info: ==============================
2021-08-06 01:17:55 info: ==============================
2021-08-06 01:17:55 info: =     Welcome to Express     =
2021-08-06 01:17:55 info: =      env: development      =
2021-08-06 01:17:55 info: =      listning to 9090      =
2021-08-06 01:17:55 info: ==============================
2021-08-06 01:17:55 info: ==============================
2021-08-06 01:17:55 info: =    Connected to MongoDB    =
2021-08-06 01:17:55 info: ==============================
2021-08-06 01:19:02 info: ==============================
2021-08-06 01:19:02 info: =     Welcome to Express     =
2021-08-06 01:19:02 info: =      env: development      =
2021-08-06 01:19:02 info: =      listning to 9090      =
2021-08-06 01:19:02 info: ==============================
2021-08-06 01:19:02 info: ==============================
2021-08-06 01:19:02 info: =    Connected to MongoDB    =
2021-08-06 01:19:02 info: ==============================
2021-08-06 01:19:19 info: ==============================
2021-08-06 01:19:19 info: =    Connected to MongoDB    =
2021-08-06 01:19:19 info: ==============================
2021-08-06 01:19:26 info: ==============================
2021-08-06 01:19:26 info: =     Welcome to Express     =
2021-08-06 01:19:26 info: =      env: development      =
2021-08-06 01:19:26 info: =      listning to 9090      =
2021-08-06 01:19:26 info: ==============================
2021-08-06 01:19:26 info: ==============================
2021-08-06 01:19:26 info: =    Connected to MongoDB    =
2021-08-06 01:19:26 info: ==============================
2021-08-06 01:21:13 info: ==============================
2021-08-06 01:21:13 info: =     Welcome to Express     =
2021-08-06 01:21:13 info: =      env: development      =
2021-08-06 01:21:13 info: =      listning to 9090      =
2021-08-06 01:21:13 info: ==============================
2021-08-06 01:21:14 info: ==============================
2021-08-06 01:21:14 info: =    Connected to MongoDB    =
2021-08-06 01:21:14 info: ==============================
2021-08-06 01:21:18 info: ==============================
2021-08-06 01:21:18 info: =    Connected to MongoDB    =
2021-08-06 01:21:18 info: ==============================
2021-08-06 01:21:28 info: ==============================
2021-08-06 01:21:28 info: =     Welcome to Express     =
2021-08-06 01:21:28 info: =      env: development      =
2021-08-06 01:21:28 info: =      listning to 9090      =
2021-08-06 01:21:28 info: ==============================
2021-08-06 01:21:28 info: ==============================
2021-08-06 01:21:28 info: =    Connected to MongoDB    =
2021-08-06 01:21:28 info: ==============================
2021-08-06 01:22:35 info: ==============================
2021-08-06 01:22:35 info: =     Welcome to Express     =
2021-08-06 01:22:35 info: =      env: development      =
2021-08-06 01:22:35 info: =      listning to 9090      =
2021-08-06 01:22:35 info: ==============================
2021-08-06 01:22:35 info: ==============================
2021-08-06 01:22:35 info: =    Connected to MongoDB    =
2021-08-06 01:22:35 info: ==============================
2021-08-06 01:22:54 info: ==============================
2021-08-06 01:22:54 info: =     Welcome to Express     =
2021-08-06 01:22:54 info: =      env: development      =
2021-08-06 01:22:54 info: =      listning to 9090      =
2021-08-06 01:22:54 info: ==============================
2021-08-06 01:22:54 info: ==============================
2021-08-06 01:22:54 info: =    Connected to MongoDB    =
2021-08-06 01:22:54 info: ==============================
2021-08-06 01:23:09 info: ==============================
2021-08-06 01:23:09 info: =     Welcome to Express     =
2021-08-06 01:23:09 info: =      env: development      =
2021-08-06 01:23:09 info: =      listning to 9090      =
2021-08-06 01:23:09 info: ==============================
2021-08-06 01:23:09 info: ==============================
2021-08-06 01:23:09 info: =    Connected to MongoDB    =
2021-08-06 01:23:09 info: ==============================
2021-08-06 01:23:15 info: ==============================
2021-08-06 01:23:15 info: =     Welcome to Express     =
2021-08-06 01:23:15 info: =      env: development      =
2021-08-06 01:23:15 info: =      listning to 9090      =
2021-08-06 01:23:15 info: ==============================
2021-08-06 01:23:15 info: ==============================
2021-08-06 01:23:15 info: =    Connected to MongoDB    =
2021-08-06 01:23:15 info: ==============================
2021-08-06 01:23:21 info: ==============================
2021-08-06 01:23:21 info: =     Welcome to Express     =
2021-08-06 01:23:21 info: =      env: development      =
2021-08-06 01:23:21 info: =      listning to 9090      =
2021-08-06 01:23:21 info: ==============================
2021-08-06 01:23:21 info: ==============================
2021-08-06 01:23:21 info: =    Connected to MongoDB    =
2021-08-06 01:23:21 info: ==============================
2021-08-06 01:23:28 error: [POST] /register >> StatusCode:: 500, Message:: this.authService is not a function
2021-08-06 01:23:28 info: [0mPOST /register [31m500[0m 15.203 ms - 48[0m
2021-08-06 01:24:32 info: ==============================
2021-08-06 01:24:32 info: =     Welcome to Express     =
2021-08-06 01:24:32 info: =      env: development      =
2021-08-06 01:24:32 info: =      listning to 9090      =
2021-08-06 01:24:32 info: ==============================
2021-08-06 01:24:32 info: ==============================
2021-08-06 01:24:32 info: =    Connected to MongoDB    =
2021-08-06 01:24:32 info: ==============================
2021-08-06 01:24:35 error: [POST] /register >> StatusCode:: 500, Message:: userDate is not defined
2021-08-06 01:24:35 info: [0mPOST /register [31m500[0m 16.062 ms - 37[0m
2021-08-06 01:24:54 error: [POST] /register >> StatusCode:: 500, Message:: userDate is not defined
2021-08-06 01:24:54 info: [0mPOST /register [31m500[0m 2.493 ms - 37[0m
2021-08-06 01:26:07 info: ==============================
2021-08-06 01:26:07 info: =     Welcome to Express     =
2021-08-06 01:26:07 info: =      env: development      =
2021-08-06 01:26:07 info: =      listning to 9090      =
2021-08-06 01:26:07 info: ==============================
2021-08-06 01:26:07 info: ==============================
2021-08-06 01:26:07 info: =    Connected to MongoDB    =
2021-08-06 01:26:07 info: ==============================
2021-08-06 01:26:12 info: ==============================
2021-08-06 01:26:12 info: =     Welcome to Express     =
2021-08-06 01:26:12 info: =      env: development      =
2021-08-06 01:26:12 info: =      listning to 9090      =
2021-08-06 01:26:12 info: ==============================
2021-08-06 01:26:12 info: ==============================
2021-08-06 01:26:12 info: =    Connected to MongoDB    =
2021-08-06 01:26:12 info: ==============================
2021-08-06 01:26:15 error: [POST] /register >> StatusCode:: 500, Message:: conosle is not defined
2021-08-06 01:26:15 info: [0mPOST /register [31m500[0m 27.659 ms - 36[0m
2021-08-06 01:26:42 info: ==============================
2021-08-06 01:26:42 info: =     Welcome to Express     =
2021-08-06 01:26:42 info: =      env: development      =
2021-08-06 01:26:42 info: =      listning to 9090      =
2021-08-06 01:26:42 info: ==============================
2021-08-06 01:26:42 info: ==============================
2021-08-06 01:26:42 info: =    Connected to MongoDB    =
2021-08-06 01:26:42 info: ==============================
2021-08-06 01:26:44 error: [POST] /register >> StatusCode:: 500, Message:: userDate is not defined
2021-08-06 01:26:44 info: [0mPOST /register [31m500[0m 17.408 ms - 37[0m
2021-08-06 01:27:10 info: ==============================
2021-08-06 01:27:10 info: =     Welcome to Express     =
2021-08-06 01:27:10 info: =      env: development      =
2021-08-06 01:27:10 info: =      listning to 9090      =
2021-08-06 01:27:10 info: ==============================
2021-08-06 01:27:10 info: ==============================
2021-08-06 01:27:10 info: =    Connected to MongoDB    =
2021-08-06 01:27:10 info: ==============================
2021-08-06 01:27:12 info: [0mPOST /register [32m201[0m 132.795 ms - 228[0m
2021-08-06 01:28:33 info: ==============================
2021-08-06 01:28:33 info: =     Welcome to Express     =
2021-08-06 01:28:33 info: =      env: development      =
2021-08-06 01:28:33 info: =      listning to 9090      =
2021-08-06 01:28:33 info: ==============================
2021-08-06 01:28:33 info: ==============================
2021-08-06 01:28:33 info: =    Connected to MongoDB    =
2021-08-06 01:28:33 info: ==============================
2021-08-06 01:28:36 info: [0mPOST /register [32m201[0m 129.782 ms - 236[0m
2021-08-06 01:29:21 error: [POST] /register >> StatusCode:: 500, Message:: userDate is not defined
2021-08-06 01:29:21 info: [0mPOST /register [31m500[0m 10.134 ms - 37[0m
2021-08-06 01:29:35 info: ==============================
2021-08-06 01:29:35 info: =     Welcome to Express     =
2021-08-06 01:29:35 info: =      env: development      =
2021-08-06 01:29:35 info: =      listning to 9090      =
2021-08-06 01:29:35 info: ==============================
2021-08-06 01:29:35 info: ==============================
2021-08-06 01:29:35 info: =    Connected to MongoDB    =
2021-08-06 01:29:35 info: ==============================
2021-08-06 01:29:38 error: [POST] /register >> StatusCode:: 500, Message:: userDate is not defined
2021-08-06 01:29:38 info: [0mPOST /register [31m500[0m 35.173 ms - 37[0m
2021-08-06 01:29:54 info: ==============================
2021-08-06 01:29:54 info: =     Welcome to Express     =
2021-08-06 01:29:54 info: =      env: development      =
2021-08-06 01:29:54 info: =      listning to 9090      =
2021-08-06 01:29:54 info: ==============================
2021-08-06 01:29:54 info: ==============================
2021-08-06 01:29:54 info: =    Connected to MongoDB    =
2021-08-06 01:29:54 info: ==============================
2021-08-06 01:29:59 error: [POST] /register >> StatusCode:: 409, Message:: your email a@s.com already exists
2021-08-06 01:29:59 info: [0mPOST /register [33m409[0m 36.376 ms - 47[0m
2021-08-06 01:30:07 info: ==============================
2021-08-06 01:30:07 info: =     Welcome to Express     =
2021-08-06 01:30:07 info: =      env: development      =
2021-08-06 01:30:07 info: =      listning to 9090      =
2021-08-06 01:30:07 info: ==============================
2021-08-06 01:30:07 info: ==============================
2021-08-06 01:30:07 info: =    Connected to MongoDB    =
2021-08-06 01:30:07 info: ==============================
2021-08-06 01:30:09 error: [POST] /register >> StatusCode:: 409, Message:: your email 'a@s.com' already exists
2021-08-06 01:30:09 info: [0mPOST /register [33m409[0m 53.504 ms - 49[0m
2021-08-06 01:36:43 info: ==============================
2021-08-06 01:36:43 info: =     Welcome to Express     =
2021-08-06 01:36:43 info: =      env: development      =
2021-08-06 01:36:43 info: =      listning to 9090      =
2021-08-06 01:36:43 info: ==============================
2021-08-06 01:36:44 info: ==============================
2021-08-06 01:36:44 info: =    Connected to MongoDB    =
2021-08-06 01:36:44 info: ==============================
2021-08-06 01:36:52 info: [0mPOST /register [32m201[0m 140.501 ms - 273[0m
2021-08-06 01:37:50 info: ==============================
2021-08-06 01:37:50 info: =     Welcome to Express     =
2021-08-06 01:37:50 info: =      env: development      =
2021-08-06 01:37:50 info: =      listning to 9090      =
2021-08-06 01:37:50 info: ==============================
2021-08-06 01:37:50 info: ==============================
2021-08-06 01:37:50 info: =    Connected to MongoDB    =
2021-08-06 01:37:50 info: ==============================
2021-08-06 01:38:03 info: ==============================
2021-08-06 01:38:03 info: =     Welcome to Express     =
2021-08-06 01:38:03 info: =      env: development      =
2021-08-06 01:38:03 info: =      listning to 9090      =
2021-08-06 01:38:03 info: ==============================
2021-08-06 01:38:03 info: ==============================
2021-08-06 01:38:03 info: =    Connected to MongoDB    =
2021-08-06 01:38:03 info: ==============================
2021-08-06 01:38:05 error: [POST] /register >> StatusCode:: 409, Message:: your email 'a@s.com' already exists
2021-08-06 01:38:05 info: [0mPOST /register [33m409[0m 39.650 ms - 49[0m
2021-08-06 01:39:30 info: ==============================
2021-08-06 01:39:30 info: =     Welcome to Express     =
2021-08-06 01:39:30 info: =      env: development      =
2021-08-06 01:39:30 info: =      listning to 9090      =
2021-08-06 01:39:30 info: ==============================
2021-08-06 01:39:30 info: ==============================
2021-08-06 01:39:30 info: =    Connected to MongoDB    =
2021-08-06 01:39:30 info: ==============================
2021-08-06 01:39:35 info: ==============================
2021-08-06 01:39:35 info: =     Welcome to Express     =
2021-08-06 01:39:35 info: =      env: development      =
2021-08-06 01:39:35 info: =      listning to 9090      =
2021-08-06 01:39:35 info: ==============================
2021-08-06 01:39:35 info: ==============================
2021-08-06 01:39:35 info: =    Connected to MongoDB    =
2021-08-06 01:39:35 info: ==============================
2021-08-06 01:41:54 info: ==============================
2021-08-06 01:41:54 info: =     Welcome to Express     =
2021-08-06 01:41:54 info: =      env: development      =
2021-08-06 01:41:54 info: =      listning to 9090      =
2021-08-06 01:41:54 info: ==============================
2021-08-06 01:41:54 info: ==============================
2021-08-06 01:41:54 info: =    Connected to MongoDB    =
2021-08-06 01:41:54 info: ==============================
2021-08-06 01:41:58 error: [POST] /register >> StatusCode:: 409, Message:: your email 'a@s.com' already exists
2021-08-06 01:41:58 info: [0mPOST /register [33m409[0m 31.937 ms - 49[0m
