2021-08-04 19:52:53 info: ===============================
2021-08-04 19:52:53 info: =   Welcome to Node Express   =
2021-08-04 19:52:53 info: =       env: development      =
2021-08-04 19:52:53 info: =       listning to 9090      =
2021-08-04 19:52:53 info: ===============================
2021-08-04 19:53:41 info: ==============================
2021-08-04 19:53:41 info: =     Welcome to Express     =
2021-08-04 19:53:41 info: =      env: development      =
2021-08-04 19:53:41 info: =       listning to 9090      =
2021-08-04 19:53:41 info: ==============================
2021-08-04 19:53:45 info: ==============================
2021-08-04 19:53:45 info: =     Welcome to Express     =
2021-08-04 19:53:45 info: =      env: development      =
2021-08-04 19:53:45 info: =      listning to 9090      =
2021-08-04 19:53:45 info: ==============================
2021-08-04 19:53:56 info: ==============================
2021-08-04 19:53:56 info: =     Welcome to Express     =
2021-08-04 19:53:56 info: =      env: development      =
2021-08-04 19:53:56 info: =      listning to 9090      =
2021-08-04 19:53:56 info: ==============================
2021-08-04 19:57:00 info: ==============================
2021-08-04 19:57:00 info: =     Welcome to Express     =
2021-08-04 19:57:00 info: =      env: development      =
2021-08-04 19:57:00 info: =      listning to 9090      =
2021-08-04 19:57:00 info: ==============================
2021-08-04 20:05:20 info: ==============================
2021-08-04 20:05:20 info: =     Welcome to Express     =
2021-08-04 20:05:20 info: =      env: development      =
2021-08-04 20:05:20 info: =      listning to 9090      =
2021-08-04 20:05:20 info: ==============================
2021-08-04 20:05:57 info: ==============================
2021-08-04 20:05:57 info: =     Welcome to Express     =
2021-08-04 20:05:57 info: =      env: development      =
2021-08-04 20:05:57 info: =      listning to 9090      =
2021-08-04 20:05:57 info: ==============================
2021-08-04 20:06:02 info: ==============================
2021-08-04 20:06:02 info: =     Welcome to Express     =
2021-08-04 20:06:02 info: =      env: development      =
2021-08-04 20:06:02 info: =      listning to 9090      =
2021-08-04 20:06:02 info: ==============================
2021-08-04 20:07:48 info: ==============================
2021-08-04 20:07:48 info: =     Welcome to Express     =
2021-08-04 20:07:48 info: =      env: development      =
2021-08-04 20:07:48 info: =      listning to 9090      =
2021-08-04 20:07:48 info: ==============================
2021-08-04 20:08:07 info: ==============================
2021-08-04 20:08:07 info: =     Welcome to Express     =
2021-08-04 20:08:07 info: =      env: development      =
2021-08-04 20:08:07 info: =      listning to 9090      =
2021-08-04 20:08:07 info: ==============================
2021-08-04 20:27:51 info: ==============================
2021-08-04 20:27:51 info: =     Welcome to Express     =
2021-08-04 20:27:51 info: =      env: development      =
2021-08-04 20:27:51 info: =      listning to 9090      =
2021-08-04 20:27:51 info: ==============================
2021-08-04 20:29:08 info: ==============================
2021-08-04 20:29:08 info: =     Welcome to Express     =
2021-08-04 20:29:08 info: =      env: development      =
2021-08-04 20:29:08 info: =      listning to 9090      =
2021-08-04 20:29:08 info: ==============================
2021-08-04 20:29:25 info: ==============================
2021-08-04 20:29:25 info: =     Welcome to Express     =
2021-08-04 20:29:25 info: =      env: development      =
2021-08-04 20:29:25 info: =      listning to 9090      =
2021-08-04 20:29:25 info: ==============================
2021-08-04 20:29:45 info: ==============================
2021-08-04 20:29:45 info: =     Welcome to Express     =
2021-08-04 20:29:45 info: =      env: development      =
2021-08-04 20:29:45 info: =      listning to 9090      =
2021-08-04 20:29:45 info: ==============================
2021-08-04 20:30:15 info: ==============================
2021-08-04 20:30:15 info: =     Welcome to Express     =
2021-08-04 20:30:15 info: =      env: development      =
2021-08-04 20:30:15 info: =      listning to 9090      =
2021-08-04 20:30:15 info: ==============================
2021-08-04 20:30:30 info: ==============================
2021-08-04 20:30:30 info: =     Welcome to Express     =
2021-08-04 20:30:30 info: =      env: development      =
2021-08-04 20:30:30 info: =      listning to 9090      =
2021-08-04 20:30:30 info: ==============================
2021-08-04 20:30:50 info: ==============================
2021-08-04 20:30:50 info: =     Welcome to Express     =
2021-08-04 20:30:50 info: =      env: development      =
2021-08-04 20:30:50 info: =      listning to 9090      =
2021-08-04 20:30:50 info: ==============================
2021-08-04 20:31:54 info: ==============================
2021-08-04 20:31:54 info: =     Welcome to Express     =
2021-08-04 20:31:54 info: =      env: development      =
2021-08-04 20:31:54 info: =      listning to 9090      =
2021-08-04 20:31:54 info: ==============================
2021-08-04 20:32:16 info: ==============================
2021-08-04 20:32:16 info: =     Welcome to Express     =
2021-08-04 20:32:16 info: =      env: development      =
2021-08-04 20:32:16 info: =      listning to 9090      =
2021-08-04 20:32:16 info: ==============================
2021-08-04 20:37:16 info: ==============================
2021-08-04 20:37:16 info: =     Welcome to Express     =
2021-08-04 20:37:16 info: =      env: development      =
2021-08-04 20:37:16 info: =      listning to 9090      =
2021-08-04 20:37:16 info: ==============================
2021-08-04 20:40:09 info: ==============================
2021-08-04 20:40:09 info: =     Welcome to Express     =
2021-08-04 20:40:09 info: =      env: development      =
2021-08-04 20:40:09 info: =      listning to 9090      =
2021-08-04 20:40:09 info: ==============================
2021-08-04 20:40:52 info: ==============================
2021-08-04 20:40:52 info: =     Welcome to Express     =
2021-08-04 20:40:52 info: =      env: development      =
2021-08-04 20:40:52 info: =      listning to 9090      =
2021-08-04 20:40:52 info: ==============================
2021-08-04 20:40:52 info: start
2021-08-04 20:41:59 info: ==============================
2021-08-04 20:41:59 info: =     Welcome to Express     =
2021-08-04 20:41:59 info: =      env: development      =
2021-08-04 20:41:59 info: =      listning to 9090      =
2021-08-04 20:41:59 info:      Connected to MongoDB    =
2021-08-04 20:41:59 info: ==============================
2021-08-04 20:42:03 info: ==============================
2021-08-04 20:42:03 info: =     Welcome to Express     =
2021-08-04 20:42:03 info: =      env: development      =
2021-08-04 20:42:03 info: =      listning to 9090      =
2021-08-04 20:42:03 info: =    Connected to MongoDB    =
2021-08-04 20:42:03 info: ==============================
2021-08-04 20:43:17 info: ==============================
2021-08-04 20:43:17 info: =     Welcome to Express     =
2021-08-04 20:43:17 info: =      env: development      =
2021-08-04 20:43:17 info: =      listning to 9090      =
2021-08-04 20:43:17 info: =    Connected to MongoDB    =
2021-08-04 20:43:17 info: ==============================
2021-08-04 20:43:26 info: =    Connected to MongoDB    =
2021-08-04 20:43:26 info: ==============================
2021-08-04 20:50:38 info: =    Connected to MongoDB    =
2021-08-04 20:50:38 info: ==============================
2021-08-04 20:50:47 info: ==============================
2021-08-04 20:50:47 info: =     Welcome to Express     =
2021-08-04 20:50:47 info: =      env: development      =
2021-08-04 20:50:47 info: =      listning to 9090      =
2021-08-04 20:50:47 info: =    Connected to MongoDB    =
2021-08-04 20:50:47 info: ==============================
2021-08-04 20:50:59 info: ==============================
2021-08-04 20:50:59 info: =     Welcome to Express     =
2021-08-04 20:50:59 info: =      env: development      =
2021-08-04 20:50:59 info: =      listning to 9080      =
2021-08-04 20:50:59 info: =    Connected to MongoDB    =
2021-08-04 20:50:59 info: ==============================
2021-08-04 20:51:03 info: ==============================
2021-08-04 20:51:03 info: =     Welcome to Express     =
2021-08-04 20:51:03 info: =      env: development      =
2021-08-04 20:51:03 info: =      listning to 9080      =
2021-08-04 20:51:03 info: =    Connected to MongoDB    =
2021-08-04 20:51:03 info: ==============================
2021-08-04 20:51:08 info: ==============================
2021-08-04 20:51:08 info: =     Welcome to Express     =
2021-08-04 20:51:08 info: =      env: development      =
2021-08-04 20:51:08 info: =      listning to 9090      =
2021-08-04 20:51:08 info: =    Connected to MongoDB    =
2021-08-04 20:51:08 info: ==============================
2021-08-04 20:52:40 info: ==============================
2021-08-04 20:52:40 info: =     Welcome to Express     =
2021-08-04 20:52:40 info: =      env: development      =
2021-08-04 20:52:40 info: =      listning to 9090      =
2021-08-04 20:52:40 info: =    Connected to MongoDB    =
2021-08-04 20:52:40 info: ==============================
2021-08-04 20:52:48 info: ==============================
2021-08-04 20:52:48 info: =     Welcome to Express     =
2021-08-04 20:52:48 info: =      env: development      =
2021-08-04 20:52:48 info: =      listning to 9090      =
2021-08-04 20:52:48 info: =    Connected to MongoDB    =
2021-08-04 20:52:48 info: ==============================
2021-08-04 20:53:30 info: ==============================
2021-08-04 20:53:30 info: =     Welcome to Express     =
2021-08-04 20:53:30 info: =      env: development      =
2021-08-04 20:53:30 info: =      listning to 9090      =
2021-08-04 20:53:30 info: =    Connected to MongoDB    =
2021-08-04 20:53:30 info: ==============================
2021-08-04 20:57:11 info: ==============================
2021-08-04 20:57:11 info: =     Welcome to Express     =
2021-08-04 20:57:11 info: =      env: development      =
2021-08-04 20:57:11 info: =      listning to 9090      =
2021-08-04 20:57:11 info: =    Connected to MongoDB    =
2021-08-04 20:57:11 info: ==============================
2021-08-04 20:57:22 info: ==============================
2021-08-04 20:57:22 info: =     Welcome to Express     =
2021-08-04 20:57:22 info: =      env: development      =
2021-08-04 20:57:22 info: =      listning to 9090      =
2021-08-04 20:57:23 info: =    Connected to MongoDB    =
2021-08-04 20:57:23 info: ==============================
2021-08-04 20:57:32 info: =    Connected to MongoDB    =
2021-08-04 20:57:32 info: ==============================
2021-08-04 20:57:39 info: ==============================
2021-08-04 20:57:39 info: =     Welcome to Express     =
2021-08-04 20:57:39 info: =      env: development      =
2021-08-04 20:57:39 info: =      listning to 9090      =
2021-08-04 20:57:39 info: =    Connected to MongoDB    =
2021-08-04 20:57:39 info: ==============================
2021-08-04 20:57:49 info: =    Connected to MongoDB    =
2021-08-04 20:57:49 info: ==============================
2021-08-04 20:58:03 info: ==============================
2021-08-04 20:58:03 info: =     Welcome to Express     =
2021-08-04 20:58:03 info: =      env: development      =
2021-08-04 20:58:03 info: =      listning to 9090      =
2021-08-04 20:58:03 info: =    Connected to MongoDB    =
2021-08-04 20:58:03 info: ==============================
2021-08-04 20:58:10 info: ==============================
2021-08-04 20:58:10 info: =     Welcome to Express     =
2021-08-04 20:58:10 info: =      env: development      =
2021-08-04 20:58:10 info: =      listning to 9090      =
2021-08-04 20:58:10 info: =    Connected to MongoDB    =
2021-08-04 20:58:10 info: ==============================
2021-08-04 20:58:16 info: ==============================
2021-08-04 20:58:16 info: =     Welcome to Express     =
2021-08-04 20:58:16 info: =      env: development      =
2021-08-04 20:58:16 info: =      listning to 9090      =
2021-08-04 20:58:16 info: =    Connected to MongoDB    =
2021-08-04 20:58:16 info: ==============================
2021-08-04 20:58:29 info: =    Connected to MongoDB    =
2021-08-04 20:58:29 info: ==============================
2021-08-04 20:58:31 info: ==============================
2021-08-04 20:58:31 info: =     Welcome to Express     =
2021-08-04 20:58:31 info: =      env: development      =
2021-08-04 20:58:31 info: =      listning to 9090      =
2021-08-04 20:58:31 info: =    Connected to MongoDB    =
2021-08-04 20:58:31 info: ==============================
2021-08-04 20:58:39 info: =    Connected to MongoDB    =
2021-08-04 20:58:39 info: ==============================
2021-08-04 20:58:46 info: ==============================
2021-08-04 20:58:46 info: =     Welcome to Express     =
2021-08-04 20:58:46 info: =      env: development      =
2021-08-04 20:58:46 info: =      listning to 9090      =
2021-08-04 20:58:46 info: =    Connected to MongoDB    =
2021-08-04 20:58:46 info: ==============================
2021-08-04 20:59:34 info: ==============================
2021-08-04 20:59:34 info: =     Welcome to Express     =
2021-08-04 20:59:34 info: =      env: development      =
2021-08-04 20:59:34 info: =      listning to 9090      =
2021-08-04 20:59:34 info: =    Connected to MongoDB    =
2021-08-04 20:59:34 info: ==============================
2021-08-04 20:59:41 info: =    Connected to MongoDB    =
2021-08-04 20:59:41 info: ==============================
2021-08-04 20:59:47 info: ==============================
2021-08-04 20:59:47 info: =     Welcome to Express     =
2021-08-04 20:59:47 info: =      env: development      =
2021-08-04 20:59:47 info: =      listning to 9090      =
2021-08-04 20:59:47 info: =    Connected to MongoDB    =
2021-08-04 20:59:47 info: ==============================
2021-08-04 21:02:44 info: ==============================
2021-08-04 21:02:44 info: =     Welcome to Express     =
2021-08-04 21:02:44 info: =      env: development      =
2021-08-04 21:02:44 info: =      listning to 9090      =
2021-08-04 21:02:44 info: =    Connected to MongoDB    =
2021-08-04 21:02:44 info: ==============================
