2021-08-10 15:06:21 info: ==============================
2021-08-10 15:06:21 info: =     Welcome to Express     =
2021-08-10 15:06:21 info: =      env: development      =
2021-08-10 15:06:21 info: =      listning to 9090      =
2021-08-10 15:06:21 info: ==============================
2021-08-10 15:06:21 info: ==============================
2021-08-10 15:06:21 info: =    Connected to MongoDB    =
2021-08-10 15:06:21 info: ==============================
2021-08-10 15:06:23 error: [POST] /register >> StatusCode:: 409, Message:: your email 'a@s.com' already exists
2021-08-10 15:06:23 info: [0mPOST /register [33m409[0m 61.330 ms - 49[0m
2021-08-10 15:52:08 info: ==============================
2021-08-10 15:52:08 info: =     Welcome to Express     =
2021-08-10 15:52:08 info: =      env: development      =
2021-08-10 15:52:08 info: =      listning to 9090      =
2021-08-10 15:52:08 info: ==============================
2021-08-10 15:52:08 info: ==============================
2021-08-10 15:52:08 info: =    Connected to MongoDB    =
2021-08-10 15:52:08 info: ==============================
2021-08-10 15:55:30 info: ==============================
2021-08-10 15:55:30 info: =     Welcome to Express     =
2021-08-10 15:55:30 info: =      env: development      =
2021-08-10 15:55:30 info: =      listning to 9090      =
2021-08-10 15:55:30 info: ==============================
2021-08-10 15:55:30 info: ==============================
2021-08-10 15:55:30 info: =    Connected to MongoDB    =
2021-08-10 15:55:30 info: ==============================
2021-08-10 15:55:57 info: ==============================
2021-08-10 15:55:57 info: =     Welcome to Express     =
2021-08-10 15:55:57 info: =      env: development      =
2021-08-10 15:55:57 info: =      listning to 9090      =
2021-08-10 15:55:57 info: ==============================
2021-08-10 15:55:57 info: ==============================
2021-08-10 15:55:57 info: =    Connected to MongoDB    =
2021-08-10 15:55:57 info: ==============================
2021-08-10 16:02:11 info: ==============================
2021-08-10 16:02:11 info: =     Welcome to Express     =
2021-08-10 16:02:11 info: =      env: development      =
2021-08-10 16:02:11 info: =      listning to 9090      =
2021-08-10 16:02:11 info: ==============================
2021-08-10 16:02:11 info: ==============================
2021-08-10 16:02:11 info: =    Connected to MongoDB    =
2021-08-10 16:02:11 info: ==============================
2021-08-10 16:02:26 info: ==============================
2021-08-10 16:02:26 info: =     Welcome to Express     =
2021-08-10 16:02:26 info: =      env: development      =
2021-08-10 16:02:26 info: =      listning to 9090      =
2021-08-10 16:02:26 info: ==============================
2021-08-10 16:02:26 info: ==============================
2021-08-10 16:02:26 info: =    Connected to MongoDB    =
2021-08-10 16:02:26 info: ==============================
2021-08-10 16:38:12 info: ==============================
2021-08-10 16:38:12 info: =     Welcome to Express     =
2021-08-10 16:38:12 info: =      env: development      =
2021-08-10 16:38:12 info: =      listning to 9090      =
2021-08-10 16:38:12 info: ==============================
2021-08-10 16:38:12 info: ==============================
2021-08-10 16:38:12 info: =    Connected to MongoDB    =
2021-08-10 16:38:12 info: ==============================
2021-08-10 16:43:30 info: ==============================
2021-08-10 16:43:30 info: =     Welcome to Express     =
2021-08-10 16:43:30 info: =      env: development      =
2021-08-10 16:43:30 info: =      listning to 9090      =
2021-08-10 16:43:30 info: ==============================
2021-08-10 16:43:30 info: ==============================
2021-08-10 16:43:30 info: =    Connected to MongoDB    =
2021-08-10 16:43:30 info: ==============================
2021-08-10 16:46:37 info: ==============================
2021-08-10 16:46:37 info: =     Welcome to Express     =
2021-08-10 16:46:37 info: =      env: development      =
2021-08-10 16:46:37 info: =      listning to 9090      =
2021-08-10 16:46:37 info: ==============================
2021-08-10 16:46:37 info: ==============================
2021-08-10 16:46:37 info: =    Connected to MongoDB    =
2021-08-10 16:46:37 info: ==============================
2021-08-10 16:46:47 info: ==============================
2021-08-10 16:46:47 info: =     Welcome to Express     =
2021-08-10 16:46:47 info: =      env: development      =
2021-08-10 16:46:47 info: =      listning to 9090      =
2021-08-10 16:46:47 info: ==============================
2021-08-10 16:46:47 info: ==============================
2021-08-10 16:46:47 info: =    Connected to MongoDB    =
2021-08-10 16:46:47 info: ==============================
2021-08-10 17:21:50 info: ==============================
2021-08-10 17:21:50 info: =     Welcome to Express     =
2021-08-10 17:21:50 info: =      env: development      =
2021-08-10 17:21:50 info: =      listning to 9090      =
2021-08-10 17:21:50 info: ==============================
2021-08-10 17:21:50 info: ==============================
2021-08-10 17:21:50 info: =    Connected to MongoDB    =
2021-08-10 17:21:50 info: ==============================
2021-08-10 17:21:59 error: [POST] /register >> StatusCode:: 409, Message:: your email 'a@s.com' already exists
2021-08-10 17:21:59 info: [0mPOST /register [33m409[0m 50.680 ms - 82[0m
2021-08-10 17:22:31 info: ==============================
2021-08-10 17:22:31 info: =     Welcome to Express     =
2021-08-10 17:22:31 info: =      env: development      =
2021-08-10 17:22:31 info: =      listning to 9090      =
2021-08-10 17:22:31 info: ==============================
2021-08-10 17:22:31 info: ==============================
2021-08-10 17:22:31 info: =    Connected to MongoDB    =
2021-08-10 17:22:31 info: ==============================
2021-08-10 17:22:40 info: ==============================
2021-08-10 17:22:40 info: =     Welcome to Express     =
2021-08-10 17:22:40 info: =      env: development      =
2021-08-10 17:22:40 info: =      listning to 9090      =
2021-08-10 17:22:40 info: ==============================
2021-08-10 17:22:40 info: ==============================
2021-08-10 17:22:40 info: =    Connected to MongoDB    =
2021-08-10 17:22:40 info: ==============================
2021-08-10 17:28:48 info: ==============================
2021-08-10 17:28:48 info: =    Connected to MongoDB    =
2021-08-10 17:28:48 info: ==============================
2021-08-10 17:29:05 info: ==============================
2021-08-10 17:29:05 info: =     Welcome to Express     =
2021-08-10 17:29:05 info: =      env: development      =
2021-08-10 17:29:05 info: =      listning to 9090      =
2021-08-10 17:29:05 info: ==============================
2021-08-10 17:29:05 info: ==============================
2021-08-10 17:29:05 info: =    Connected to MongoDB    =
2021-08-10 17:29:05 info: ==============================
2021-08-10 17:52:04 error: [POST] /register >> StatusCode:: 409, Message:: This email already exists
2021-08-10 17:52:04 info: [0mPOST /register [33m409[0m 124.248 ms - 72[0m
2021-08-10 20:09:13 info: ==============================
2021-08-10 20:09:13 info: =     Welcome to Express     =
2021-08-10 20:09:13 info: =      env: development      =
2021-08-10 20:09:13 info: =      listning to 9090      =
2021-08-10 20:09:13 info: ==============================
2021-08-10 20:09:13 info: ==============================
2021-08-10 20:09:13 info: =    Connected to MongoDB    =
2021-08-10 20:09:13 info: ==============================
